{"name": "test_verify_multiple_selected_search_item_is_addition_into_receipt", "status": "failed", "statusDetails": {"message": "AssertionError: assert '1' == '3'\n  - 3\n  + 1", "trace": "request = <FixtureRequest for <Function test_verify_multiple_selected_search_item_is_addition_into_receipt>>, _pytest_bdd_example = {}\n\n    @pytest.mark.usefixtures(*func_args)\n    def scenario_wrapper(request: FixtureRequest, _pytest_bdd_example: dict[str, str]) -> Any:\n        scenario = templated_scenario.render(_pytest_bdd_example)\n>       _execute_scenario(feature, scenario, request)\n\n/Library/Frameworks/Python.framework/Versions/3.10/lib/python3.10/site-packages/pytest_bdd/scenario.py:187: \n_ _ _ _ _ _ _ _ _ _ _ _ _ _ _ _ _ _ _ _ _ _ _ _ _ _ _ _ _ _ _ _ _ _ _ _ _ _ _ _ _ _ _ _ _ _ _ _ _ _ _ _ _ _ _ _ _ _ _ _ _ _ _ _ _ _ _ _ _ _ _ _ _ _ _ _ _ _ _ _ _ _ _ _ _ _ _ _ _ _ _ _ \n/Library/Frameworks/Python.framework/Versions/3.10/lib/python3.10/site-packages/pytest_bdd/scenario.py:157: in _execute_scenario\n    _execute_step_function(request, scenario, step, step_func)\n/Library/Frameworks/Python.framework/Versions/3.10/lib/python3.10/site-packages/pytest_bdd/scenario.py:127: in _execute_step_function\n    return_value = call_fixture_func(fixturefunc=step_func, request=request, kwargs=kwargs)\n/Library/Frameworks/Python.framework/Versions/3.10/lib/python3.10/site-packages/_pytest/fixtures.py:890: in call_fixture_func\n    fixture_result = fixturefunc(**kwargs)\n_ _ _ _ _ _ _ _ _ _ _ _ _ _ _ _ _ _ _ _ _ _ _ _ _ _ _ _ _ _ _ _ _ _ _ _ _ _ _ _ _ _ _ _ _ _ _ _ _ _ _ _ _ _ _ _ _ _ _ _ _ _ _ _ _ _ _ _ _ _ _ _ _ _ _ _ _ _ _ _ _ _ _ _ _ _ _ _ _ _ _ _ \n\npage = <Page url='https://epos.erply.com/latest/'>, total = '3'\n\n    @then(parsers.parse('check {total} quatities of Strawberry-Banana Margarita added into receipt'))\n    def check_multiple_item_total(page, total):\n>       assert page.get_attribute(page_object.ORApplication.quality_field_2_receipt_list, \"value\") == total\nE       AssertionError: assert '1' == '3'\nE         - 3\nE         + 1\n\ntest_search.py:110: AssertionError"}, "description": "/Users/jnarasimhan/Jag Drive/Python_project/ERPLY_UI/tests/features/search.feature: verify multiple selected search item is addition into receipt", "start": 1657552139939, "stop": 1657552153726, "uuid": "a6da3f52-3a53-44bd-9296-95a55be4449f", "historyId": "c92564c69453c18f05d940d17307db76", "testCaseId": "c0f612f19e2591bd94e2442138a02c2e", "fullName": "test_search#test_verify_multiple_selected_search_item_is_addition_into_receipt", "labels": [{"name": "tag", "value": "@pytest.mark.usefixtures"}, {"name": "suite", "value": "test_search"}, {"name": "host", "value": "jnarasimhan-pro"}, {"name": "thread", "value": "94449-MainThread"}, {"name": "framework", "value": "pytest"}, {"name": "language", "value": "cpython3"}, {"name": "package", "value": "test_search"}]}