{"name": "test_verify_search_for_the_product[00-2-Example product]", "status": "failed", "statusDetails": {"message": "AssertionError: Locator expected to contain text 'Example product'\nActual value: None \nCall log:\nlocator_assertions.to_contain_text with timeout 5000ms\nwaiting for selector \"[data-test-key=\"product-name-1\"]\"", "trace": "request = <FixtureRequest for <Function test_verify_search_for_the_product[00-2-Example product]>>, _pytest_bdd_example = {'product': 'Example product', 'rows': '2', 'some': '00'}\n\n    @pytest.mark.usefixtures(*func_args)\n    def scenario_wrapper(request: FixtureRequest, _pytest_bdd_example: dict[str, str]) -> Any:\n        scenario = templated_scenario.render(_pytest_bdd_example)\n>       _execute_scenario(feature, scenario, request)\n\n/Library/Frameworks/Python.framework/Versions/3.10/lib/python3.10/site-packages/pytest_bdd/scenario.py:187: \n_ _ _ _ _ _ _ _ _ _ _ _ _ _ _ _ _ _ _ _ _ _ _ _ _ _ _ _ _ _ _ _ _ _ _ _ _ _ _ _ _ _ _ _ _ _ _ _ _ _ _ _ _ _ _ _ _ _ _ _ _ _ _ _ _ _ _ _ _ _ _ _ _ _ _ _ _ _ _ _ _ _ _ _ _ _ _ _ _ _ _ _ \n/Library/Frameworks/Python.framework/Versions/3.10/lib/python3.10/site-packages/pytest_bdd/scenario.py:157: in _execute_scenario\n    _execute_step_function(request, scenario, step, step_func)\n/Library/Frameworks/Python.framework/Versions/3.10/lib/python3.10/site-packages/pytest_bdd/scenario.py:127: in _execute_step_function\n    return_value = call_fixture_func(fixturefunc=step_func, request=request, kwargs=kwargs)\n/Library/Frameworks/Python.framework/Versions/3.10/lib/python3.10/site-packages/_pytest/fixtures.py:890: in call_fixture_func\n    fixture_result = fixturefunc(**kwargs)\n_ _ _ _ _ _ _ _ _ _ _ _ _ _ _ _ _ _ _ _ _ _ _ _ _ _ _ _ _ _ _ _ _ _ _ _ _ _ _ _ _ _ _ _ _ _ _ _ _ _ _ _ _ _ _ _ _ _ _ _ _ _ _ _ _ _ _ _ _ _ _ _ _ _ _ _ _ _ _ _ _ _ _ _ _ _ _ _ _ _ _ _ \n\npage = <Page url='https://epos.erply.com/latest/'>, product = 'Example product'\n\n    @then(parsers.parse('verify the {product} result'))\n    def verify_outcome(page, product):\n        if product != 'No results found.':\n>           expect(page.locator(page_object.ORApplication.first_item_receipt_list)).to_contain_text(product)\nE           AssertionError: Locator expected to contain text 'Example product'\nE           Actual value: None \nE           Call log:\nE           locator_assertions.to_contain_text with timeout 5000ms\nE           waiting for selector \"[data-test-key=\"product-name-1\"]\"\n\ntest_search.py:66: AssertionError"}, "description": "/Users/jnarasimhan/Jag Drive/Python_project/ERPLY_UI/tests/features/search.feature: verify search for the product", "parameters": [{"name": "_pytest_bdd_example", "value": "{'some': '00', 'rows': '2', 'product': 'Example product'}"}], "start": 1657552042294, "stop": 1657552060257, "uuid": "30f2a37a-b1b2-44a8-a18b-8a8b5f3703cb", "historyId": "890223df198b6ce5efc5b8d087e2a683", "testCaseId": "9d13d4a49a4ae32e465098b4431b7de7", "fullName": "test_search#test_verify_search_for_the_product", "labels": [{"name": "tag", "value": "@pytest.mark.usefixtures"}, {"name": "suite", "value": "test_search"}, {"name": "host", "value": "jnarasimhan-pro"}, {"name": "thread", "value": "94449-MainThread"}, {"name": "framework", "value": "pytest"}, {"name": "language", "value": "cpython3"}, {"name": "package", "value": "test_search"}]}